<?xml version="1.0" encoding="UTF-8"?>
<!-- Generated by org.testng.reporters.JUnitReportReporter -->
<testsuite hostname="Anushruti" failures="0" tests="3" name="Restassured.Exec_ute" time="6.088" errors="0" timestamp="2024-12-09T14:32:14 IST" skipped="0">
  <testcase classname="Restassured.Exec_ute" name="post" time="3.362"/>
  <system-out/>
  <testcase classname="Restassured.Exec_ute" name="login" time="1.317"/>
  <system-out/>
  <testcase classname="Restassured.Exec_ute" name="get" time="1.409"/>
  <system-out/>
</testsuite> <!-- Restassured.Exec_ute -->
