<?xml version="1.0" encoding="UTF-8"?>
<!-- Generated by org.testng.reporters.JUnitReportReporter -->
<testsuite hostname="Anushruti" failures="0" tests="1" name="properttyyfilee.propertty" time="0.020" errors="0" timestamp="2024-12-05T18:05:38 IST" skipped="0">
  <testcase classname="properttyyfilee.propertty" name="gett" time="0.020"/>
  <system-out/>
</testsuite> <!-- properttyyfilee.propertty -->
