<?xml version="1.0" encoding="UTF-8"?>
<!-- Generated by org.testng.reporters.JUnitReportReporter -->
<testsuite hostname="Anushruti" failures="0" tests="4" name="Restassured.Create_shopper" time="27.443" errors="0" timestamp="2024-12-06T16:54:05 IST" skipped="0">
  <testcase classname="Restassured.Create_shopper" name="post" time="17.686"/>
  <system-out/>
  <testcase classname="Restassured.Create_shopper" name="login" time="7.230"/>
  <system-out/>
  <testcase classname="Restassured.Create_shopper" name="get" time="1.421"/>
  <system-out/>
  <testcase classname="Restassured.Create_shopper" name="put" time="1.106"/>
  <system-out/>
</testsuite> <!-- Restassured.Create_shopper -->
