<?xml version="1.0" encoding="UTF-8"?>
<!-- Generated by org.testng.reporters.JUnitReportReporter -->
<testsuite hostname="Anushruti" failures="0" tests="1" name="pojo.Createshopper" time="3.963" errors="0" timestamp="2024-12-06T14:37:33 IST" skipped="0">
  <testcase classname="pojo.Createshopper" name="create" time="3.963"/>
  <system-out/>
</testsuite> <!-- pojo.Createshopper -->
