<?xml version="1.0" encoding="UTF-8"?>
<!-- Generated by org.testng.reporters.JUnitReportReporter -->
<testsuite hostname="Anushruti" failures="0" tests="1" name="pojo.runnerbookingg" time="3.439" errors="0" timestamp="2024-12-06T14:36:06 IST" skipped="0">
  <testcase classname="pojo.runnerbookingg" name="create" time="3.439"/>
  <system-out/>
</testsuite> <!-- pojo.runnerbookingg -->
