<?xml version="1.0" encoding="UTF-8"?>
<!-- Generated by org.testng.reporters.JUnitReportReporter -->
<testsuite hostname="Anushruti" failures="0" tests="3" name="Restassured.Create_user" time="7.636" errors="0" timestamp="2024-12-06T17:05:55 IST" skipped="0">
  <testcase classname="Restassured.Create_user" name="get" time="3.085"/>
  <system-out/>
  <testcase classname="Restassured.Create_user" name="post" time="2.418"/>
  <system-out/>
  <testcase classname="Restassured.Create_user" name="put" time="2.133"/>
  <system-out/>
</testsuite> <!-- Restassured.Create_user -->
