<?xml version="1.0" encoding="UTF-8"?>
<!-- Generated by org.testng.reporters.JUnitReportReporter -->
<testsuite hostname="Anushruti" failures="0" tests="1" name="pojoShopper.Runnercreateshopperpojo" time="3.152" errors="0" timestamp="2024-12-06T14:49:38 IST" skipped="0">
  <testcase classname="pojoShopper.Runnercreateshopperpojo" name="create" time="3.152"/>
  <system-out/>
</testsuite> <!-- pojoShopper.Runnercreateshopperpojo -->
