<?xml version="1.0" encoding="UTF-8"?>
<!-- Generated by org.testng.reporters.JUnitReportReporter -->
<testsuite hostname="Anushruti" failures="0" tests="1" name="createadminpojo.Createadminn" time="3.062" errors="0" timestamp="2024-12-09T15:39:20 IST" skipped="0">
  <testcase classname="createadminpojo.Createadminn" name="create" time="3.062"/>
  <system-out/>
</testsuite> <!-- createadminpojo.Createadminn -->
