<?xml version="1.0" encoding="UTF-8"?>
<!-- Generated by org.testng.reporters.JUnitReportReporter -->
<testsuite hostname="Anushruti" failures="0" tests="1" name="org.scriptsrunner.healthsync.Mavenexamplescript" time="6.073" errors="0" timestamp="2024-12-14T12:23:03 IST" skipped="0">
  <testcase classname="org.scriptsrunner.healthsync.Mavenexamplescript" name="get" time="6.073"/>
  <system-out/>
</testsuite> <!-- org.scriptsrunner.healthsync.Mavenexamplescript -->
