<?xml version="1.0" encoding="UTF-8"?>
<!-- Generated by org.testng.reporters.JUnitReportReporter -->
<testsuite hostname="Anushruti" failures="0" tests="1" name="org.scriptsrunner.healthsync.Mavenexamplescript" time="6.729" errors="0" timestamp="2024-12-19T12:25:11 IST" skipped="0">
  <testcase classname="org.scriptsrunner.healthsync.Mavenexamplescript" name="get" time="6.729"/>
</testsuite> <!-- org.scriptsrunner.healthsync.Mavenexamplescript -->
